Order #6 placed on 2025-04-08 12:44:09
Customer ID: 4
Items: Rice (x8), Flour (x6), Flake seeds (x7)
Delivery: delivery (₹50)
Address: hyd
----------------------------------------
Order #7 placed on 2025-04-08 12:51:07
Customer ID: 5
Items: Rice (x2), Flour (x89), Flake seeds (x7)
Delivery: pickup (₹0)
----------------------------------------
Order #8 placed on 2025-04-08 12:52:38
Customer ID: 5
Items: Sugar (x21), Salt (x78), Mirchi (x54)
Delivery: pickup (₹0)
----------------------------------------
Order #9 placed on 2025-04-09 06:35:11
Customer ID: 5
Items: Flour (x65)
Delivery: delivery (₹50)
Address: hyd
----------------------------------------
Order #5 placed on 2025-04-09 11:55:32
Customer ID: 2
Items: Rice (x9), Flour (x10), Flake seeds (x20)
Delivery: pickup (₹0)
----------------------------------------
Order #6 placed on 2025-04-09 18:01:09
Customer ID: 2
Items: chanaga pappu (x5), pallilu (x3), gooday bisket (x4)
Delivery: pickup (₹0)
----------------------------------------
Order #7 placed on 2025-04-09 18:01:26
Customer ID: 2
Items: Rice (x1)
Delivery: delivery (₹50)
Address: sdfghj
----------------------------------------
Order #8 placed on 2025-04-09 18:22:05
Customer ID: 2
Items: chanaga pappu (x4)
Delivery: delivery (₹50)
Address: hyd
----------------------------------------
Order #9 placed on 2025-04-09 18:38:45
Customer ID: 2
Items: pallilu (x1)
Delivery: pickup (₹0)
----------------------------------------
Order #10 placed on 2025-04-10 07:26:01
Customer ID: 2
Items: Rice (x1)
Delivery: pickup (₹0)
----------------------------------------
